  main.cpp
  Athlete.cpp
C:\Users\User\Documents\PROGRAMING\OBJECT ORIENTED PROGRAMING WITH C++\HOMEWORKS\Homework_3\Homework_3\Athlete.cpp(10,25): warning C4267: 'initializing': conversion from 'size_t' to 'int', possible loss of data
C:\Users\User\Documents\PROGRAMING\OBJECT ORIENTED PROGRAMING WITH C++\HOMEWORKS\Homework_3\Homework_3\Athlete.cpp(18,32): error C2601: 'Athlete::getName': local function definitions are illegal
C:\Users\User\Documents\PROGRAMING\OBJECT ORIENTED PROGRAMING WITH C++\HOMEWORKS\Homework_3\Homework_3\Athlete.cpp(5): message : this line contains a '{' which has not yet been matched
C:\Users\User\Documents\PROGRAMING\OBJECT ORIENTED PROGRAMING WITH C++\HOMEWORKS\Homework_3\Homework_3\Athlete.cpp(19,35): error C2601: 'Athlete::getSalary': local function definitions are illegal
C:\Users\User\Documents\PROGRAMING\OBJECT ORIENTED PROGRAMING WITH C++\HOMEWORKS\Homework_3\Homework_3\Athlete.cpp(5): message : this line contains a '{' which has not yet been matched
C:\Users\User\Documents\PROGRAMING\OBJECT ORIENTED PROGRAMING WITH C++\HOMEWORKS\Homework_3\Homework_3\Athlete.cpp(23,15): error C2601: 'Athlete::setName': local function definitions are illegal
C:\Users\User\Documents\PROGRAMING\OBJECT ORIENTED PROGRAMING WITH C++\HOMEWORKS\Homework_3\Homework_3\Athlete.cpp(5): message : this line contains a '{' which has not yet been matched
C:\Users\User\Documents\PROGRAMING\OBJECT ORIENTED PROGRAMING WITH C++\HOMEWORKS\Homework_3\Homework_3\Athlete.cpp(37,15): error C2601: 'Athlete::setSalary': local function definitions are illegal
C:\Users\User\Documents\PROGRAMING\OBJECT ORIENTED PROGRAMING WITH C++\HOMEWORKS\Homework_3\Homework_3\Athlete.cpp(5): message : this line contains a '{' which has not yet been matched
C:\Users\User\Documents\PROGRAMING\OBJECT ORIENTED PROGRAMING WITH C++\HOMEWORKS\Homework_3\Homework_3\Athlete.cpp(43,15): error C2601: 'Athlete::Print': local function definitions are illegal
C:\Users\User\Documents\PROGRAMING\OBJECT ORIENTED PROGRAMING WITH C++\HOMEWORKS\Homework_3\Homework_3\Athlete.cpp(5): message : this line contains a '{' which has not yet been matched
C:\Users\User\Documents\PROGRAMING\OBJECT ORIENTED PROGRAMING WITH C++\HOMEWORKS\Homework_3\Homework_3\Athlete.cpp(5): fatal error C1075: '{': no matching token found
  Generating Code...
